<?xml version="1.0" encoding="UTF-8"?>
<!-- Generated by org.testng.reporters.JUnitXMLReporter -->
<testsuite ignored="0" hostname="LAPTOP-ABRF4IV4" failures="1" tests="1" name="Test2" time="0.036" errors="0" timestamp="2021-05-02T21:16:17 IST">
  <testcase classname="TestNgLearning.Testcase2" name="assertTest" time="0.009">
    <failure type="java.lang.AssertionError" message="The following asserts failed:
	Titles not matching up expected [Gmail.com] but found [yahoo.com],
	Testcase returning false expected [true] but found [false],
	intentionally failed">
      <![CDATA[java.lang.AssertionError: The following asserts failed:
Titles not matching up expected [Gmail.com] but found [yahoo.com],
Testcase returning false expected [true] but found [false],
intentionally failed
at TestNgLearning.Testcase2.assertTest(Testcase2.java:27)
at java.base/java.util.ArrayList.forEach(ArrayList.java:1511)
... Removed 29 stack frames]]>
    </failure>
  </testcase> <!-- assertTest -->
</testsuite> <!-- Test2 -->
